--------------------------------------
23-07-2021 10:15:18 PM
Violation of PRIMARY KEY constraint 'PK_dbo.ASACCTRD'. Cannot insert duplicate key in object 'dbo.ASACCTRD'. The duplicate key value is (24, 22, 1, 01, 1).
The statement has been terminated.
   at Microsoft.Data.SqlClient.SqlConnection.OnError(SqlException exception, Boolean breakConnection, Action`1 wrapCloseInAction)
   at Microsoft.Data.SqlClient.SqlInternalConnection.OnError(SqlException exception, Boolean breakConnection, Action`1 wrapCloseInAction)
   at Microsoft.Data.SqlClient.TdsParser.ThrowExceptionAndWarning(TdsParserStateObject stateObj, Boolean callerHasConnectionLock, Boolean asyncClose)
   at Microsoft.Data.SqlClient.TdsParser.TryRun(RunBehavior runBehavior, SqlCommand cmdHandler, SqlDataReader dataStream, BulkCopySimpleResultSet bulkCopyHandler, TdsParserStateObject stateObj, Boolean& dataReady)
   at Microsoft.Data.SqlClient.SqlCommand.FinishExecuteReader(SqlDataReader ds, RunBehavior runBehavior, String resetOptionsString, Boolean isInternal, Boolean forDescribeParameterEncryption, Boolean shouldCacheForAlwaysEncrypted)
   at Microsoft.Data.SqlClient.SqlCommand.RunExecuteReaderTds(CommandBehavior cmdBehavior, RunBehavior runBehavior, Boolean returnStream, Boolean isAsync, Int32 timeout, Task& task, Boolean asyncWrite, Boolean inRetry, SqlDataReader ds, Boolean describeParameterEncryptionRequest)
   at Microsoft.Data.SqlClient.SqlCommand.RunExecuteReader(CommandBehavior cmdBehavior, RunBehavior runBehavior, Boolean returnStream, TaskCompletionSource`1 completion, Int32 timeout, Task& task, Boolean& usedCache, Boolean asyncWrite, Boolean inRetry, String method)
   at Microsoft.Data.SqlClient.SqlCommand.InternalExecuteNonQuery(TaskCompletionSource`1 completion, Boolean sendToPipe, Int32 timeout, Boolean& usedCache, Boolean asyncWrite, Boolean inRetry, String methodName)
   at Microsoft.Data.SqlClient.SqlCommand.ExecuteNonQuery()
   at Serenity.Data.SqlHelper.ExecuteNonQuery(IDbCommand command, ILogger logger)
   at Serenity.Data.SqlHelper.ExecuteNonQuery(IDbConnection connection, String commandText, IDictionary`2 param, ILogger logger)
   at Serenity.Data.SqlHelper.Execute(SqlUpdate query, IDbConnection connection, ExpectedRows expectedRows, ILogger logger)
   at Serenity.Data.EntityConnectionExtensions.UpdateById[TRow](IDbConnection connection, TRow row, ExpectedRows expectedRows)
   at ALgorithmPro.ALgorithm.Repositories.CashReceiveRepository.UpdateCashDetail(IDbConnection connection, CashReceiveRow ACCTRH) in E:\MyAPPS\Web\ALgorithmPro\ALgorithmPro.Web\Modules\ALgorithm\Cash\CashReceive\CashReceiveRepository.cs:line 367
--------------------------------------
23-07-2021 10:25:29 PM
Violation of PRIMARY KEY constraint 'PK_dbo.ASACCTRD'. Cannot insert duplicate key in object 'dbo.ASACCTRD'. The duplicate key value is (24, 22, 1, 01, 1).
The statement has been terminated.
   at Microsoft.Data.SqlClient.SqlConnection.OnError(SqlException exception, Boolean breakConnection, Action`1 wrapCloseInAction)
   at Microsoft.Data.SqlClient.SqlInternalConnection.OnError(SqlException exception, Boolean breakConnection, Action`1 wrapCloseInAction)
   at Microsoft.Data.SqlClient.TdsParser.ThrowExceptionAndWarning(TdsParserStateObject stateObj, Boolean callerHasConnectionLock, Boolean asyncClose)
   at Microsoft.Data.SqlClient.TdsParser.TryRun(RunBehavior runBehavior, SqlCommand cmdHandler, SqlDataReader dataStream, BulkCopySimpleResultSet bulkCopyHandler, TdsParserStateObject stateObj, Boolean& dataReady)
   at Microsoft.Data.SqlClient.SqlCommand.FinishExecuteReader(SqlDataReader ds, RunBehavior runBehavior, String resetOptionsString, Boolean isInternal, Boolean forDescribeParameterEncryption, Boolean shouldCacheForAlwaysEncrypted)
   at Microsoft.Data.SqlClient.SqlCommand.RunExecuteReaderTds(CommandBehavior cmdBehavior, RunBehavior runBehavior, Boolean returnStream, Boolean isAsync, Int32 timeout, Task& task, Boolean asyncWrite, Boolean inRetry, SqlDataReader ds, Boolean describeParameterEncryptionRequest)
   at Microsoft.Data.SqlClient.SqlCommand.RunExecuteReader(CommandBehavior cmdBehavior, RunBehavior runBehavior, Boolean returnStream, TaskCompletionSource`1 completion, Int32 timeout, Task& task, Boolean& usedCache, Boolean asyncWrite, Boolean inRetry, String method)
   at Microsoft.Data.SqlClient.SqlCommand.InternalExecuteNonQuery(TaskCompletionSource`1 completion, Boolean sendToPipe, Int32 timeout, Boolean& usedCache, Boolean asyncWrite, Boolean inRetry, String methodName)
   at Microsoft.Data.SqlClient.SqlCommand.ExecuteNonQuery()
   at Serenity.Data.SqlHelper.ExecuteNonQuery(IDbCommand command, ILogger logger)
   at Serenity.Data.SqlHelper.ExecuteNonQuery(IDbConnection connection, String commandText, IDictionary`2 param, ILogger logger)
   at Serenity.Data.SqlHelper.Execute(SqlInsert query, IDbConnection connection, ILogger logger)
   at Serenity.Data.EntityConnectionExtensions.Insert[TRow](IDbConnection connection, TRow row)
   at ALgorithmPro.ALgorithm.Repositories.CashReceiveRepository.UpdateCashDetail(IDbConnection connection, CashReceiveRow ACCTRH) in E:\MyAPPS\Web\ALgorithmPro\ALgorithmPro.Web\Modules\ALgorithm\Cash\CashReceive\CashReceiveRepository.cs:line 369
